{
  "timestamp": "2025-08-10T05:12:14.866665",
  "total_tests": 8,
  "passed_tests": 5,
  "success_rate": 62.5,
  "test_results": [
    {
      "description": "Quick Smoke Test",
      "command": "python3 quick_test.py",
      "success": true,
      "stdout": "Testing new WiFi radar system...\n\u2713 config_manager imported\n\u2713 vendor_service imported\n\u2713 security_engine imported\n\u2713 distance_engine imported\n\u2713 WiFiScanner imported\n\u2713 Config loaded: 5 security profiles\n\u2713 Vendor service ready: 1 vendors\n\u2713 Security engine ready\n\u2713 Distance engine ready\n\u2713 WiFi scanner ready\n\n\ud83c\udf89 SUCCESS! All engines loaded and working!\n\u2713 No more hardcoding\n\u2713 Configuration-driven architecture\n\u2713 Modular engine system\n\u2713 Professional-grade logic\n",
      "stderr": "Error downloading OUI database: HTTPSConnectionPool(host='standards-oui.ieee.org', port=443): Max retries exceeded with url: /oui/oui.txt (Caused by NameResolutionError(\"<urllib3.connection.HTTPSConnection object at 0x7f4ab6350530>: Failed to resolve 'standards-oui.ieee.org' ([Errno -5] No address associated with hostname)\"))\n2025-08-10 05:12:04,000 - INFO - Configuration loaded from config.json\n2025-08-10 05:12:04,000 - INFO - Loaded 5 security profiles\n2025-08-10 05:12:04,000 - INFO - Loaded 6 signal ranges\n2025-08-10 05:12:04,000 - INFO - Loaded 3 visualization modes\n2025-08-10 05:12:04,000 - INFO - Updating vendor database...\n2025-08-10 05:12:04,000 - INFO - Downloading OUI database from https://standards-oui.ieee.org/oui/oui.txt\n2025-08-10 05:12:04,003 - ERROR - Error downloading OUI database: HTTPSConnectionPool(host='standards-oui.ieee.org', port=443): Max retries exceeded with url: /oui/oui.txt (Caused by NameResolutionError(\"<urllib3.connection.HTTPSConnection object at 0x7f4ab411d190>: Failed to resolve 'standards-oui.ieee.org' ([Errno -5] No address associated with hostname)\"))\n2025-08-10 05:12:04,003 - INFO - Loaded 1 fallback vendor mappings\n2025-08-10 05:12:04,003 - INFO - Loaded 1 fallback vendor mappings\n2025-08-10 05:12:04,004 - ERROR - No wireless interfaces detected\n"
    },
    {
      "description": "Comprehensive System Test",
      "command": "python3 test_system.py",
      "success": true,
      "stdout": "Testing new configuration-driven WiFi radar system...\n============================================================\n\nModule Imports:\n------------------------------\n\u2713 Config manager imported\n\u2713 Vendor service imported\n\u2713 Security engine imported\n\u2713 Distance engine imported\n\u2713 WiFi scanner imported\n\u2713 Module Imports PASSED\n\nConfiguration System:\n------------------------------\n\u2713 Configuration loaded: 5 security profiles\n\u2713 WiFi scanning config: {'2.4ghz': [1, 2, 3, 4, 5, 6, 7, 8, 9, 10, 11, 12, 13, 14], '5ghz': [36, 40, 44, 48, 52, 56, 60, 64, 100, 104, 108, 112, 116, 120, 124, 128, 132, 136, 140, 149, 153, 157, 161, 165], '6ghz': [1, 5, 9, 13, 17, 21, 25, 29, 33, 37, 41, 45, 49, 53, 57, 61, 65, 69, 73, 77, 81, 85, 89, 93]}\n\u2713 Configuration System PASSED\n\nVendor Service:\n------------------------------\n\u2713 Vendor database: 1 entries\n\u2713 Vendor lookup test: 00:1B:63:84:45:E6 -> Unknown\n\u2713 Vendor Service PASSED\n\nSecurity Engine:\n------------------------------\n\u2713 Security analysis: CRITICAL (score: 90)\n\u2713 Security Engine PASSED\n\nDistance Engine:\n------------------------------\n\u2713 Distance calculation: 7.20 meters\n\u2713 Distance Engine PASSED\n\nWiFi Scanner:\n------------------------------\n\u2713 WiFiScanner initialized\n\u2713 Parsing test: Found 2 networks\n  Network 1: Apple_Network (WPA2) - -45.0 dBm\n  Network 2: NETGEAR_Open (Open) - -67.0 dBm\n\u2713 WiFi Scanner PASSED\n\n============================================================\nTest Results: 6/6 tests passed\n\ud83c\udf89 All tests passed! The new logic system is working perfectly!\n\u2713 No more hardcoding - everything is configuration-driven\n\u2713 Modular architecture with separate engines\n\u2713 External data sources for vendor detection\n\u2713 Algorithmic distance calculation\n\u2713 Pattern-based security analysis\n",
      "stderr": "Error downloading OUI database: HTTPSConnectionPool(host='standards-oui.ieee.org', port=443): Max retries exceeded with url: /oui/oui.txt (Caused by NameResolutionError(\"<urllib3.connection.HTTPSConnection object at 0x7fcaad494140>: Failed to resolve 'standards-oui.ieee.org' ([Errno -5] No address associated with hostname)\"))\n2025-08-10 05:12:05,158 - ERROR - No wireless interfaces detected\n2025-08-10 05:12:05,158 - INFO - Parsed 2 access points\n"
    },
    {
      "description": "Integration Tests",
      "command": "python3 test_integration.py",
      "success": true,
      "stdout": "\ud83d\udd17 WiFi Security Radar Suite - Integration Tests\n=======================================================\n\n\ud83e\uddea End-to-End Workflow\n------------------------------\n\ud83d\udd04 Testing end-to-end workflow...\n\u2705 All engines initialized\n\u2705 Created mock data with 3 networks\n\u2705 Processed 3 networks through all engines\n\u2705 Security analysis results are correct\n\u2705 Distance calculations are reasonable\n\u2705 CSV export working correctly\n\u2705 End-to-end workflow completed successfully\n\u2705 End-to-End Workflow PASSED\n\n\ud83e\uddea Plugin Integration\n------------------------------\n\ud83d\udd0c Testing plugin integration...\n\u2705 Discovered 2 plugins\n\u2705 Plugin Penetration Testing Radar configuration successful\n\u2705 Plugin Navigation Enhanced Radar configuration successful\n\u2705 All plugins load, configure, and unload correctly\n\u2705 Plugin Integration PASSED\n\n\ud83e\uddea Configuration Integration\n------------------------------\n\u2699\ufe0f Testing configuration integration...\n\u2705 Configuration integration working correctly\n\u2705 Configuration Integration PASSED\n\n\ud83e\uddea Error Handling\n------------------------------\n\ud83d\udee1\ufe0f Testing error handling...\n\u26a0\ufe0f Error case 1 raised exception: TypeError\n\u26a0\ufe0f Error case 2 raised exception: TypeError\n\u2705 Error case 3 handled gracefully\n\u2705 Error case 4 handled gracefully\n\u2705 Error case 5 handled gracefully\n\u2705 Error case 6 handled gracefully\n\u26a0\ufe0f Error case 7 raised exception: TypeError\n\u26a0\ufe0f Error case 8 raised exception: TypeError\n\u2705 Error handling tests completed\n\u2705 Error Handling PASSED\n\n\ud83e\uddea Data Consistency\n------------------------------\n\ud83d\udcca Testing data consistency...\n\u2705 Analysis results are consistent\n\u2705 Data Consistency PASSED\n\n=======================================================\nIntegration Test Results: 5/5 tests passed\n\ud83c\udf89 All integration tests passed!\n\u2705 System components work together correctly\n\u2705 Data flows properly between modules\n\u2705 Error handling is robust\n",
      "stderr": "Error downloading OUI database: HTTPSConnectionPool(host='standards-oui.ieee.org', port=443): Max retries exceeded with url: /oui/oui.txt (Caused by NameResolutionError(\"<urllib3.connection.HTTPSConnection object at 0x7f9f588cd370>: Failed to resolve 'standards-oui.ieee.org' ([Errno -5] No address associated with hostname)\"))\n2025-08-10 05:12:06,332 - INFO - Added plugin path: /home/runner/work/airradar/airradar/plugins\n2025-08-10 05:12:06,333 - INFO - Registered plugin: Penetration Testing Radar v4.0.0\n2025-08-10 05:12:06,334 - INFO - Registered plugin: Navigation Enhanced Radar v4.0.0\n2025-08-10 05:12:06,334 - INFO - Discovered 2 plugins\n2025-08-10 05:12:06,334 - INFO - Loaded plugin: Penetration Testing Radar\n2025-08-10 05:12:06,334 - INFO - Unloaded plugin: Penetration Testing Radar\n2025-08-10 05:12:06,334 - INFO - Loaded plugin: Navigation Enhanced Radar\n2025-08-10 05:12:06,334 - INFO - Unloaded plugin: Navigation Enhanced Radar\n2025-08-10 05:12:06,335 - ERROR - No wireless interfaces detected\n2025-08-10 05:12:06,335 - ERROR - Distance calculation failed: unsupported operand type(s) for -: 'float' and 'NoneType'\n2025-08-10 05:12:06,335 - ERROR - Distance calculation failed: unsupported operand type(s) for -: 'float' and 'str'\n"
    },
    {
      "description": "Security Validation Tests",
      "command": "python3 test_security_validation.py",
      "success": true,
      "stdout": "\ud83d\udd12 WiFi Security Radar Suite - Security Validation Tests\n=================================================================\n\n\ud83e\uddea Security Engine Accuracy\n----------------------------------------\n\ud83d\udd12 Testing security engine accuracy...\n\u2705 Open_Network (Open): CRITICAL - Correct\n\u2705 WEP_Network (WEP): CRITICAL - Correct\n\u2705 WPA_Network (WPA): MEDIUM - Correct\n\u2705 WPA2_Network (WPA2): MEDIUM - Correct\n\u2705 WPA3_Network (WPA3): LOW - Correct\n\u2705 Enterprise_Network (WPA2-Enterprise): LOW - Correct\n\ud83c\udfaf Security assessment accuracy: 100.0% (6/6)\n\u2705 Security Engine Accuracy PASSED\n\n\ud83e\uddea Vulnerability Detection\n----------------------------------------\n\ud83d\udd0d Testing vulnerability detection...\n\u2705 Open Network: Vulnerability detected correctly\n\u2705 WEP Network: Vulnerability detected correctly\n\u2705 Default SSID: Vulnerability detected correctly\n\ud83c\udfaf Vulnerability detection rate: 100.0% (3/3)\n\u2705 Vulnerability Detection PASSED\n\n\ud83e\uddea Attack Vector Identification\n----------------------------------------\n\u2694\ufe0f Testing attack vector identification...\n\u2705 Open Network Attack Vectors: 2/3 attack vectors identified\n\u2705 WEP Network Attack Vectors: 1/2 attack vectors identified\n\u2705 WPS Enabled Attack Vectors: 2/3 attack vectors identified\n\ud83c\udfaf Attack vector identification rate: 100.0% (3/3)\n\u2705 Attack Vector Identification PASSED\n\n\ud83e\uddea Security Scoring\n----------------------------------------\n\ud83d\udcca Testing security scoring system...\n\u2705 Secure WPA3 Network: Score 15 (expected 0-30)\n\u2705 Standard WPA2 Network: Score 45 (expected 20-60)\n\u2705 Vulnerable WEP Network: Score 90 (expected 70-100)\n\u2705 Critical Open Network: Score 95 (expected 80-100)\n\ud83c\udfaf Security scoring accuracy: 100.0% (4/4)\n\u2705 Security Scoring PASSED\n\n\ud83e\uddea Threat Level Consistency\n----------------------------------------\n\u2696\ufe0f Testing threat level consistency...\n\u2705 TestNet1: CRITICAL level consistent with score 100\n\u2705 TestNet2: CRITICAL level consistent with score 98\n\u2705 TestNet3: MEDIUM level consistent with score 58\n\u2705 TestNet4: MEDIUM level consistent with score 43\n\u2705 TestNet5: LOW level consistent with score 23\n\ud83c\udfaf Threat level consistency: 100.0% (5/5)\n\u2705 Threat Level Consistency PASSED\n\n\ud83e\uddea Security Recommendations\n----------------------------------------\n\ud83d\udca1 Testing security recommendations...\n\u2705 Open Network: Found 2/3 relevant recommendations\n\u2705 WEP Network: Found 3/3 relevant recommendations\n\u2705 Default SSID: Found 2/3 relevant recommendations\n\ud83c\udfaf Recommendation quality: 100.0% (3/3)\n\u2705 Security Recommendations PASSED\n\n=================================================================\nSecurity Validation Results: 6/6 tests passed\n\ud83c\udf89 All security validation tests passed!\n\u2705 Security engine provides accurate assessments\n\u2705 Vulnerability detection is working correctly\n\u2705 Attack vector identification is functional\n\u2705 Security scoring is consistent and accurate\n",
      "stderr": ""
    },
    {
      "description": "Plugin System Tests",
      "command": "python3 test_plugin_system.py",
      "success": true,
      "stdout": "\ud83e\uddea WiFi Security Radar Suite - Plugin System Test\n============================================================\n\ud83d\udd27 Testing Plugin System...\n\u2705 Core plugin modules imported successfully\n\n\ud83d\udcc2 Testing plugin discovery...\n   Discovered 2 plugins\n   Available plugins: ['Penetration Testing Radar', 'Navigation Enhanced Radar']\n\n\ud83d\udd0c Testing plugin: Penetration Testing Radar\n   Version: 4.0.0\n   Description: Modern radar with advanced visualization and vulnerability analysis\n   Capabilities: ['wifi_scanning', 'radar_visualization', 'vulnerability_assessment', 'threat_analysis', 'attack_vector_identification', 'multiple_radar_modes', 'distance_calculation', 'vendor_identification']\n   Dependencies: ['PyQt5', 'requests']\n   \u2705 Plugin Penetration Testing Radar loaded successfully\n   \u2705 All dependencies satisfied\n   \u2705 Configuration successful\n   \ud83d\udccb Capabilities: ['wifi_scanning', 'radar_visualization', 'vulnerability_assessment', 'threat_analysis', 'attack_vector_identification', 'multiple_radar_modes', 'distance_calculation', 'vendor_identification']\n   \u2705 Plugin Penetration Testing Radar unloaded successfully\n\n\ud83d\udd0c Testing plugin: Navigation Enhanced Radar\n   Version: 4.0.0\n   Description: Modern WiFi radar with navigation bar and multiple view modes\n   Capabilities: ['wifi_scanning', 'signal_analysis', 'vendor_identification', 'security_assessment', 'multiple_view_modes', 'professional_theming']\n   Dependencies: ['PyQt5']\n   \u2705 Plugin Navigation Enhanced Radar loaded successfully\n   \u2705 All dependencies satisfied\n   \u2705 Configuration successful\n   \ud83d\udccb Capabilities: ['wifi_scanning', 'signal_analysis', 'vendor_identification', 'security_assessment', 'multiple_view_modes', 'professional_theming']\n   \u2705 Plugin Navigation Enhanced Radar unloaded successfully\n\n\ud83c\udf89 Plugin system test completed!\n\n\ud83d\ude80 Testing Plugin Launcher...\n\u2705 Plugin launcher imported successfully\n\u2705 Plugin launcher class available\n\n\ud83d\udd04 Testing fallback mode...\n\u2705 Navigation Enhanced tool available\n\u2705 Penetration Testing tool available\n\u2705 Fallback mode functional\n\n============================================================\n\ud83c\udf89 ALL TESTS PASSED!\n\u2728 Plugin system is ready for use!\n",
      "stderr": "Error downloading OUI database: HTTPSConnectionPool(host='standards-oui.ieee.org', port=443): Max retries exceeded with url: /oui/oui.txt (Caused by NameResolutionError(\"<urllib3.connection.HTTPSConnection object at 0x7fbcbc761070>: Failed to resolve 'standards-oui.ieee.org' ([Errno -5] No address associated with hostname)\"))\n"
    },
    {
      "description": "Enhanced Features Tests",
      "command": "python3 test_core_features.py",
      "success": false,
      "stdout": "\ud83d\ude80 Starting Enhanced Features Core Test Suite\n==================================================\n\ud83e\uddea Testing module imports...\n\u2705 Real-time graphs module imported\n\u2705 Export module imported\n\u2705 Accessibility module imported\n\u2705 Internationalization module imported\n\u2705 Enhanced themes module imported\n\n\ud83d\udce4 Testing export functionality...\n\u2705 CSV export successful and contains expected data\n\u2705 JSON export successful and contains expected data\n\u2705 HTML export successful and contains expected data\n\n\u267f Testing accessibility core features...\n\u2705 High contrast toggle working\n\u2705 Font scaling working\n\u2705 Theme setting working\n\u274c High contrast style generation failed\n\u274c Accessibility Core test failed\n\n\ud83c\udf0d Testing internationalization core...\n\u2705 Translation retrieval working: 'WiFi Security Radar Suite'\n\u2705 Translation fallback working\n\u2705 Language switching working\n\u2705 Multiple languages available: 11\n\n\ud83c\udfa8 Testing theme system core...\n\u2705 Multiple themes available: 6\n\u2705 Theme stylesheet generation working\n\u2705 Matrix green theme loaded correctly\n\u2705 Theme switching working\n\u2705 Custom theme creation working\n\n\ud83d\udcc1 Testing file creation...\nTranslation template created: translations/templates/translation_template.json\n\u2705 Translations directory created\n\u2705 Translation templates directory created\n\u2705 Translation template file created with correct structure\n\n\u2699\ufe0f Testing configuration files...\n\u2705 Accessibility settings file created\n\u2705 Theme settings file created\n\n==================================================\n\ud83d\udcca Test Results: 6/7 tests passed\n\u26a0\ufe0f 1 tests failed. Some features may not work correctly.\n",
      "stderr": ""
    },
    {
      "description": "GUI Component Tests (Non-Display)",
      "command": "DISPLAY=:99 xvfb-run -a python3 test_gui_non_display.py",
      "success": false,
      "stdout": "QWidget: Must construct a QApplication before a QWidget\nAborted (core dumped)\n",
      "stderr": ""
    },
    {
      "description": "Comprehensive Test Suite",
      "command": "python3 comprehensive_test_suite.py --category all",
      "success": false,
      "stdout": "\ud83d\ude80 WiFi Security Radar Suite - Comprehensive Test Suite\n============================================================\n\ud83d\udcc5 Started: 2025-08-10 05:12:12\n\ud83d\udd27 Configuration: verbose=False, category=all\n============================================================\n[05:12:12] \u2139\ufe0f Running CORE tests (2 modules)\n============================================================\n[05:12:12] \u2139\ufe0f Running quick_test (core)\n[05:12:12] \u2705 quick_test PASSED (0.16s)\n[05:12:12] \u2139\ufe0f Running test_system (core)\n[05:12:12] \u2705 test_system PASSED (0.16s)\n\n[05:12:12] \u2139\ufe0f Running FEATURES tests (1 modules)\n============================================================\n[05:12:12] \u2139\ufe0f Running test_core_features (features)\n[05:12:12] \u274c test_core_features FAILED: Exit code: 1\n\n[05:12:12] \u2139\ufe0f Running PLUGINS tests (1 modules)\n============================================================\n[05:12:12] \u2139\ufe0f Running test_plugin_system (plugins)\n[05:12:12] \u2705 test_plugin_system PASSED (0.16s)\n\n[05:12:12] \u2139\ufe0f Running INTEGRATION tests (2 modules)\n============================================================\n[05:12:12] \u2139\ufe0f Running test_launcher_functionality (integration)\n[05:12:13] \u2705 test_launcher_functionality PASSED (0.18s)\n[05:12:13] \u2139\ufe0f Running test_integration (integration)\n[05:12:13] \u2705 test_integration PASSED (0.16s)\n\n[05:12:13] \u2139\ufe0f Running SECURITY tests (1 modules)\n============================================================\n[05:12:13] \u2139\ufe0f Running test_security_validation (security)\n[05:12:13] \u2705 test_security_validation PASSED (0.05s)\n\n[05:12:13] \u2139\ufe0f Running GUI tests (1 modules)\n============================================================\n[05:12:13] \u2139\ufe0f Running test_gui_non_display (gui)\n[05:12:13] \u274c test_gui_non_display FAILED: Exit code: -6\nSTDERR: QWidget: Must construct a QApplication before a QWidget\n\n\n[05:12:13] \u2139\ufe0f Running IMPORTS tests (1 modules)\n============================================================\n[05:12:13] \u2139\ufe0f Running test_imports (imports)\n[05:12:13] \u2705 test_imports PASSED (0.13s)\n\n[05:12:13] \u2139\ufe0f Running BACKEND tests (1 modules)\n============================================================\n[05:12:13] \u2139\ufe0f Running test_backend (backend)\n[05:12:13] \u2705 test_backend PASSED (0.13s)\n\n\u26a1 PERFORMANCE BENCHMARKS\n============================================================\n[05:12:13] \u2139\ufe0f Running performance benchmarks\n[05:12:13] \u2705 Module imports completed in 0.128 seconds\n[05:12:13] \u2705 Configuration loaded in 0.000 seconds\n[05:12:13] \u2705 100 security analyses completed in 0.005s (avg: 0.0000s)\n\n================================================================================\n\ud83d\udcca COMPREHENSIVE TEST SUITE REPORT\n================================================================================\n\ud83d\udd50 Execution Time: 1.58 seconds\n\ud83d\udcc8 Test Results: 8/10 tests passed (80.0%)\n\ud83d\udcc5 Report Generated: 2025-08-10 05:12:13\n\n\ud83d\udccb Results by Category:\n----------------------------------------\n  \u2705 CORE: 2/2 (100.0%)\n  \u274c FEATURES: 0/1 (0.0%)\n  \u2705 PLUGINS: 1/1 (100.0%)\n  \u2705 INTEGRATION: 2/2 (100.0%)\n  \u2705 SECURITY: 1/1 (100.0%)\n  \u274c GUI: 0/1 (0.0%)\n  \u2705 IMPORTS: 1/1 (100.0%)\n  \u2705 BACKEND: 1/1 (100.0%)\n\n\u274c Failed Tests:\n----------------------------------------\n  \u2022 test_core_features (features): Exit code: 1\n  \u2022 test_gui_non_display (gui): Exit code: -6\nSTDERR: QWidget: Must construct a QApplication before a QWidget\n\n\n\u26a1 Performance Benchmarks:\n----------------------------------------\n  \u2022 Module Import Speed: 0.1275 seconds\n  \u2022 Configuration Loading: 0.0000 seconds\n  \u2022 Security Analysis (100x): 0.0047 seconds\n  \u2022 Security Analysis (avg): 0.0000 seconds\n\n\ud83d\udda5\ufe0f System Information:\n----------------------------------------\n  \u2022 Python Version: 3.12.3\n  \u2022 Platform: linux\n  \u2022 Working Directory: /home/runner/work/airradar/airradar\n[05:12:13] \u2705 Test report saved to test_report.json\n\n\u26a0\ufe0f Most tests passed (8/10). Some features may have issues.\n",
      "stderr": "Error downloading OUI database: HTTPSConnectionPool(host='standards-oui.ieee.org', port=443): Max retries exceeded with url: /oui/oui.txt (Caused by NameResolutionError(\"<urllib3.connection.HTTPSConnection object at 0x7fed6d9a2d20>: Failed to resolve 'standards-oui.ieee.org' ([Errno -5] No address associated with hostname)\"))\n"
    }
  ],
  "system_info": {
    "python_version": "3.12.3",
    "platform": "linux",
    "working_directory": "/home/runner/work/airradar/airradar"
  }
}